Using pre-set license
Built from '2021.1/release' branch; Version is '2021.1.0f1 (61a549675243) revision 6399305'; Using compiler version '192528614'; Build Type 'Release'
OS: 'Windows 10 Home; OS build 19042.928; Version 2009; 64bit' Language: 'es' Physical Memory: 7549 MB
BatchMode: 1, IsHumanControllingUs: 0, StartBugReporterOnCrash: 0, Is64bit: 1, IsPro: 0

 COMMAND LINE ARGUMENTS:
C:\Program Files\Unity\Hub\Editor\2021.1.0f1\Editor\Unity.exe
-adb2
-batchMode
-noUpm
-name
AssetImportWorker0
-projectPath
C:/Users/M1911/Desktop/UX Design/Tim/Tims_Worst_Hour
-logFile
Logs/AssetImportWorker0.log
-srvPort
60598
Successfully changed project path to: C:/Users/M1911/Desktop/UX Design/Tim/Tims_Worst_Hour
C:/Users/M1911/Desktop/UX Design/Tim/Tims_Worst_Hour
Using Asset Import Pipeline V2.
Refreshing native plugins compatible for Editor in 65.43 ms, found 2 plugins.
Preloading 0 native plugins for Editor in 0.00 ms.
Initialize engine version: 2021.1.0f1 (61a549675243)
[Subsystems] Discovering subsystems at path C:/Program Files/Unity/Hub/Editor/2021.1.0f1/Editor/Data/Resources/UnitySubsystems
[Subsystems] Discovering subsystems at path C:/Users/M1911/Desktop/UX Design/Tim/Tims_Worst_Hour/Assets
GfxDevice: creating device client; threaded=0; jobified=0
Direct3D:
    Version:  Direct3D 11.0 [level 11.1]
    Renderer: NVIDIA GeForce GTX 1650 (ID=0x1f99)
    Vendor:   NVIDIA
    VRAM:     3962 MB
    Driver:   27.21.14.6589
Initialize mono
Mono path[0] = 'C:/Program Files/Unity/Hub/Editor/2021.1.0f1/Editor/Data/Managed'
Mono path[1] = 'C:/Program Files/Unity/Hub/Editor/2021.1.0f1/Editor/Data/MonoBleedingEdge/lib/mono/unityjit'
Mono config path = 'C:/Program Files/Unity/Hub/Editor/2021.1.0f1/Editor/Data/MonoBleedingEdge/etc'
Using monoOptions --debugger-agent=transport=dt_socket,embedding=1,server=y,suspend=n,address=127.0.0.1:56444
Begin MonoManager ReloadAssembly
Registering precompiled unity dll's ...
Register platform support module: C:/Program Files/Unity/Hub/Editor/2021.1.0f1/Editor/Data/PlaybackEngines/WindowsStandaloneSupport/UnityEditor.WindowsStandalone.Extensions.dll
Registered in 0.001924 seconds.
Native extension for WindowsStandalone target not found
Refreshing native plugins compatible for Editor in 43.42 ms, found 2 plugins.
Preloading 0 native plugins for Editor in 0.00 ms.
Mono: successfully reloaded assembly
- Completed reload, in  1.089 seconds
Platform modules already initialized, skipping
Registering precompiled user dll's ...
Registered in 0.008304 seconds.
Begin MonoManager ReloadAssembly
Native extension for WindowsStandalone target not found
Refreshing native plugins compatible for Editor in 0.64 ms, found 2 plugins.
Preloading 0 native plugins for Editor in 0.00 ms.
Mono: successfully reloaded assembly
- Completed reload, in  0.988 seconds
Platform modules already initialized, skipping
========================================================================
Worker process is ready to serve import requests
Launched and connected shader compiler UnityShaderCompiler.exe after 0.04 seconds
Refreshing native plugins compatible for Editor in 0.58 ms, found 2 plugins.
Preloading 0 native plugins for Editor in 0.00 ms.
Unloading 1857 Unused Serialized files (Serialized files now loaded: 0)
System memory in use before: 79.4 MB.
System memory in use after: 79.5 MB.

Unloading 63 unused Assets to reduce memory usage. Loaded Objects now: 2313.
Total: 6.262600 ms (FindLiveObjects: 0.324100 ms CreateObjectMapping: 0.122500 ms MarkObjects: 5.731200 ms  DeleteObjects: 0.081900 ms)

========================================================================
Received Import Request.
  path: Assets/Prefabs/Sounds/SonidoDaño.prefab
  artifactKey: Guid(4b82b5d01ac8c0f448bc52e6f6cbe893) Importer(815301076,1909f56bfc062723c751e8b465ee728b)
Start importing Assets/Prefabs/Sounds/SonidoDaño.prefab using Guid(4b82b5d01ac8c0f448bc52e6f6cbe893) Importer(815301076,1909f56bfc062723c751e8b465ee728b)  -> (artifact id: '583cd8f7992042c551c2f79d3a296faa') in 0.044227 seconds 
========================================================================
Received Import Request.
  Time since last request: 33.782976 seconds.
  path: Assets/Prefabs/Player.prefab
  artifactKey: Guid(1058c8c8c1f9ea64697de3a467d72a1c) Importer(815301076,1909f56bfc062723c751e8b465ee728b)
Start importing Assets/Prefabs/Player.prefab using Guid(1058c8c8c1f9ea64697de3a467d72a1c) Importer(815301076,1909f56bfc062723c751e8b465ee728b)  -> (artifact id: '5af65e2d3ec4be797df4d0d00b7e0711') in 0.071974 seconds 
========================================================================
Received Import Request.
  Time since last request: 15.421143 seconds.
  path: Assets/Prefabs/Sounds/SonidoPuerta.prefab
  artifactKey: Guid(3b9c351e6692bad4cbf41e3176b2fdd9) Importer(815301076,1909f56bfc062723c751e8b465ee728b)
Start importing Assets/Prefabs/Sounds/SonidoPuerta.prefab using Guid(3b9c351e6692bad4cbf41e3176b2fdd9) Importer(815301076,1909f56bfc062723c751e8b465ee728b)  -> (artifact id: '251197c96cb3c27e3ea609793a211172') in 0.005290 seconds 
========================================================================
Received Import Request.
  Time since last request: 7.033353 seconds.
  path: Assets/Prefabs/Sounds/SonidoPuerta.prefab
  artifactKey: Guid(3b9c351e6692bad4cbf41e3176b2fdd9) Importer(815301076,1909f56bfc062723c751e8b465ee728b)
Start importing Assets/Prefabs/Sounds/SonidoPuerta.prefab using Guid(3b9c351e6692bad4cbf41e3176b2fdd9) Importer(815301076,1909f56bfc062723c751e8b465ee728b)  -> (artifact id: '61308a59810c2ee3cddf777372b5b26e') in 0.008102 seconds 
========================================================================
Received Import Request.
  Time since last request: 8.056149 seconds.
  path: Assets/Prefabs/Sounds/SonidoDaño.prefab
  artifactKey: Guid(4b82b5d01ac8c0f448bc52e6f6cbe893) Importer(815301076,1909f56bfc062723c751e8b465ee728b)
Start importing Assets/Prefabs/Sounds/SonidoDaño.prefab using Guid(4b82b5d01ac8c0f448bc52e6f6cbe893) Importer(815301076,1909f56bfc062723c751e8b465ee728b)  -> (artifact id: 'c8ce427d0ca31e62ddcfb3a2834c1e04') in 0.004238 seconds 
========================================================================
Received Import Request.
  Time since last request: 3.422333 seconds.
  path: Assets/Prefabs/Sounds/SonidoDaño.prefab
  artifactKey: Guid(4b82b5d01ac8c0f448bc52e6f6cbe893) Importer(815301076,1909f56bfc062723c751e8b465ee728b)
Start importing Assets/Prefabs/Sounds/SonidoDaño.prefab using Guid(4b82b5d01ac8c0f448bc52e6f6cbe893) Importer(815301076,1909f56bfc062723c751e8b465ee728b)  -> (artifact id: '186e2c4c74d314d842d659cf9f83ba9a') in 0.004532 seconds 
========================================================================
Received Prepare
Registering precompiled user dll's ...
Registered in 0.011389 seconds.
Begin MonoManager ReloadAssembly
Native extension for WindowsStandalone target not found
Refreshing native plugins compatible for Editor in 0.92 ms, found 2 plugins.
Preloading 0 native plugins for Editor in 0.00 ms.
Mono: successfully reloaded assembly
- Completed reload, in  1.068 seconds
Platform modules already initialized, skipping
Refreshing native plugins compatible for Editor in 0.71 ms, found 2 plugins.
Preloading 0 native plugins for Editor in 0.00 ms.
Unloading 1851 Unused Serialized files (Serialized files now loaded: 0)
System memory in use before: 83.1 MB.
System memory in use after: 83.2 MB.

Unloading 54 unused Assets to reduce memory usage. Loaded Objects now: 2323.
Total: 6.188200 ms (FindLiveObjects: 0.300500 ms CreateObjectMapping: 0.073200 ms MarkObjects: 5.782300 ms  DeleteObjects: 0.030600 ms)

AssetImportWorkerClient::OnTransportError - code=2 error=End of file
